Determining if the pthread_create exist failed with the following output:
Change Dir: /home/brominercom2/Catalyst-Evo/build/release/CMakeFiles/CMakeTmp

Run Build Command:"/usr/bin/make" "cmTC_cc468/fast"
make[1]: Entering directory '/home/brominercom2/Catalyst-Evo/build/release/CMakeFiles/CMakeTmp'
/usr/bin/make -f CMakeFiles/cmTC_cc468.dir/build.make CMakeFiles/cmTC_cc468.dir/build
make[2]: Entering directory '/home/brominercom2/Catalyst-Evo/build/release/CMakeFiles/CMakeTmp'
Building C object CMakeFiles/cmTC_cc468.dir/CheckSymbolExists.c.o
/usr/bin/cc    -o CMakeFiles/cmTC_cc468.dir/CheckSymbolExists.c.o   -c /home/brominercom2/Catalyst-Evo/build/release/CMakeFiles/CMakeTmp/CheckSymbolExists.c
Linking C executable cmTC_cc468
/usr/local/bin/cmake -E cmake_link_script CMakeFiles/cmTC_cc468.dir/link.txt --verbose=1
/usr/bin/cc      CMakeFiles/cmTC_cc468.dir/CheckSymbolExists.c.o  -o cmTC_cc468 
CMakeFiles/cmTC_cc468.dir/CheckSymbolExists.c.o: In function `main':
CheckSymbolExists.c:(.text+0x16): undefined reference to `pthread_create'
collect2: error: ld returned 1 exit status
CMakeFiles/cmTC_cc468.dir/build.make:86: recipe for target 'cmTC_cc468' failed
make[2]: *** [cmTC_cc468] Error 1
make[2]: Leaving directory '/home/brominercom2/Catalyst-Evo/build/release/CMakeFiles/CMakeTmp'
Makefile:121: recipe for target 'cmTC_cc468/fast' failed
make[1]: *** [cmTC_cc468/fast] Error 2
make[1]: Leaving directory '/home/brominercom2/Catalyst-Evo/build/release/CMakeFiles/CMakeTmp'

File /home/brominercom2/Catalyst-Evo/build/release/CMakeFiles/CMakeTmp/CheckSymbolExists.c:
/* */
#include <pthread.h>

int main(int argc, char** argv)
{
  (void)argv;
#ifndef pthread_create
  return ((int*)(&pthread_create))[argc];
#else
  (void)argc;
  return 0;
#endif
}

